<?xml version="1.0" encoding="UTF-8"?>
<testsuite name="todoLy.CreateProjectAndItemTest" tests="1" skipped="0" failures="0" errors="0" timestamp="2024-10-23T18:17:49" hostname="HUGOALEJANDRO" time="13.755">
  <properties/>
  <testcase name="createProjectAndAddItem()" classname="todoLy.CreateProjectAndItemTest" time="13.755"/>
  <system-out><![CDATA[]]></system-out>
  <system-err><![CDATA[Oct 23, 2024 2:17:50 PM org.openqa.selenium.devtools.CdpVersionFinder findNearestMatch
WARNING: Unable to find an exact match for CDP version 130, returning the closest version; found: 129; Please update to a Selenium version that supports CDP version 130
]]></system-err>
</testsuite>
